-----07-26-2017 @ 04:25:48 ------
schedule_update_user_items
-----07-26-2017 @ 04:36:10 ------
schedule_update_user_items
-----07-26-2017 @ 04:45:58 ------
schedule_update_user_items
-----07-26-2017 @ 04:57:28 ------
schedule_update_user_items
-----07-26-2017 @ 05:08:43 ------
schedule_update_user_items
-----07-26-2017 @ 05:16:15 ------
schedule_update_user_items
-----07-26-2017 @ 05:26:58 ------
schedule_update_user_items
-----07-26-2017 @ 05:50:56 ------
schedule_update_user_items
-----07-26-2017 @ 05:57:16 ------
schedule_update_user_items
-----07-26-2017 @ 06:07:17 ------
schedule_update_user_items
-----07-26-2017 @ 06:17:17 ------
schedule_update_user_items
-----07-26-2017 @ 06:27:15 ------
schedule_update_user_items
-----07-26-2017 @ 06:37:17 ------
schedule_update_user_items
-----07-26-2017 @ 06:47:17 ------
schedule_update_user_items
-----07-26-2017 @ 06:58:17 ------
schedule_update_user_items
-----07-26-2017 @ 06:58:19 ------
schedule_update_user_items
-----07-26-2017 @ 13:57:30 ------
schedule_update_user_items
-----07-26-2017 @ 14:07:27 ------
schedule_update_user_items
-----07-26-2017 @ 15:11:18 ------
schedule_update_user_items
-----07-26-2017 @ 15:16:10 ------
schedule_update_user_items
-----07-26-2017 @ 15:26:11 ------
schedule_update_user_items
-----07-26-2017 @ 15:36:06 ------
schedule_update_user_items
-----07-26-2017 @ 15:46:29 ------
schedule_update_user_items
-----07-26-2017 @ 15:56:45 ------
schedule_update_user_items
-----07-26-2017 @ 16:07:02 ------
schedule_update_user_items
-----07-26-2017 @ 16:17:06 ------
schedule_update_user_items
-----07-26-2017 @ 16:27:11 ------
schedule_update_user_items
-----07-26-2017 @ 16:37:16 ------
schedule_update_user_items
-----07-26-2017 @ 16:47:22 ------
schedule_update_user_items
-----07-26-2017 @ 16:57:25 ------
schedule_update_user_items
-----07-26-2017 @ 17:07:30 ------
schedule_update_user_items
-----07-26-2017 @ 17:17:32 ------
schedule_update_user_items
-----07-26-2017 @ 17:27:38 ------
schedule_update_user_items
-----07-26-2017 @ 17:37:43 ------
schedule_update_user_items
-----07-26-2017 @ 17:47:49 ------
schedule_update_user_items
-----07-26-2017 @ 17:55:51 ------
schedule_update_user_items
-----07-26-2017 @ 18:05:58 ------
schedule_update_user_items
-----08-11-2017 @ 14:55:55 ------
schedule_update_user_items
-----08-11-2017 @ 14:55:59 ------
schedule_update_user_items
-----08-11-2017 @ 15:05:52 ------
schedule_update_user_items
-----08-11-2017 @ 15:17:09 ------
schedule_update_user_items
-----08-11-2017 @ 15:27:21 ------
schedule_update_user_items
-----08-11-2017 @ 15:43:27 ------
schedule_update_user_items
-----08-11-2017 @ 15:47:23 ------
schedule_update_user_items
-----08-11-2017 @ 16:00:19 ------
schedule_update_user_items
-----08-11-2017 @ 16:06:02 ------
schedule_update_user_items
-----08-11-2017 @ 16:15:43 ------
schedule_update_user_items
-----08-11-2017 @ 16:26:04 ------
schedule_update_user_items
-----08-11-2017 @ 16:35:47 ------
schedule_update_user_items
-----08-11-2017 @ 16:45:40 ------
schedule_update_user_items
-----08-11-2017 @ 16:56:14 ------
schedule_update_user_items
-----08-11-2017 @ 17:06:02 ------
schedule_update_user_items
-----08-11-2017 @ 18:33:19 ------
schedule_update_user_items
-----08-11-2017 @ 18:35:39 ------
schedule_update_user_items
-----08-11-2017 @ 18:47:25 ------
schedule_update_user_items
-----08-11-2017 @ 19:02:54 ------
schedule_update_user_items
-----08-11-2017 @ 19:06:48 ------
schedule_update_user_items
-----08-11-2017 @ 19:15:39 ------
schedule_update_user_items
-----08-11-2017 @ 19:33:28 ------
schedule_update_user_items
-----08-11-2017 @ 19:35:56 ------
schedule_update_user_items
-----08-11-2017 @ 19:46:32 ------
schedule_update_user_items
-----08-11-2017 @ 19:55:51 ------
schedule_update_user_items
-----08-11-2017 @ 20:06:02 ------
schedule_update_user_items
-----08-11-2017 @ 20:16:12 ------
schedule_update_user_items
-----08-11-2017 @ 20:26:35 ------
schedule_update_user_items
-----08-11-2017 @ 20:36:23 ------
schedule_update_user_items
-----08-11-2017 @ 20:45:52 ------
schedule_update_user_items
-----08-11-2017 @ 20:56:11 ------
schedule_update_user_items
-----08-11-2017 @ 22:39:49 ------
schedule_update_user_items
-----08-12-2017 @ 00:13:15 ------
schedule_update_user_items
-----08-12-2017 @ 02:18:37 ------
schedule_update_user_items
-----08-12-2017 @ 02:26:47 ------
schedule_update_user_items
-----08-12-2017 @ 02:35:39 ------
schedule_update_user_items
-----08-12-2017 @ 02:45:53 ------
schedule_update_user_items
-----08-12-2017 @ 02:55:47 ------
schedule_update_user_items
-----08-12-2017 @ 03:06:03 ------
schedule_update_user_items
-----08-12-2017 @ 03:17:17 ------
schedule_update_user_items
-----08-12-2017 @ 10:29:44 ------
schedule_update_user_items
-----08-12-2017 @ 13:53:00 ------
schedule_update_user_items
-----08-12-2017 @ 13:55:53 ------
schedule_update_user_items
-----08-12-2017 @ 14:06:29 ------
schedule_update_user_items
-----08-12-2017 @ 14:15:45 ------
schedule_update_user_items
-----08-12-2017 @ 14:26:25 ------
schedule_update_user_items
-----08-12-2017 @ 14:37:25 ------
schedule_update_user_items
-----08-12-2017 @ 14:59:39 ------
schedule_update_user_items
-----08-12-2017 @ 15:05:42 ------
schedule_update_user_items
-----08-12-2017 @ 15:16:12 ------
schedule_update_user_items
-----08-12-2017 @ 15:26:24 ------
schedule_update_user_items
-----08-12-2017 @ 15:51:48 ------
schedule_update_user_items
-----08-12-2017 @ 21:05:32 ------
schedule_update_user_items
-----08-12-2017 @ 21:05:39 ------
schedule_update_user_items
-----08-12-2017 @ 22:58:39 ------
schedule_update_user_items
-----08-12-2017 @ 23:35:13 ------
schedule_update_user_items
-----08-12-2017 @ 23:36:37 ------
schedule_update_user_items
-----08-13-2017 @ 00:25:48 ------
schedule_update_user_items
-----08-13-2017 @ 00:38:43 ------
schedule_update_user_items
-----08-13-2017 @ 00:45:54 ------
schedule_update_user_items
-----08-13-2017 @ 01:29:34 ------
schedule_update_user_items
-----08-13-2017 @ 01:40:25 ------
schedule_update_user_items
-----08-13-2017 @ 02:20:04 ------
schedule_update_user_items
-----08-13-2017 @ 15:22:29 ------
schedule_update_user_items
-----08-13-2017 @ 16:49:08 ------
schedule_update_user_items
-----08-13-2017 @ 16:56:24 ------
schedule_update_user_items
-----08-13-2017 @ 17:05:59 ------
schedule_update_user_items
-----08-13-2017 @ 17:16:58 ------
schedule_update_user_items
-----08-13-2017 @ 17:27:23 ------
schedule_update_user_items
-----08-13-2017 @ 17:35:45 ------
schedule_update_user_items
-----08-13-2017 @ 17:46:27 ------
schedule_update_user_items
-----08-13-2017 @ 17:56:31 ------
schedule_update_user_items
-----08-13-2017 @ 18:05:45 ------
schedule_update_user_items
-----08-13-2017 @ 18:15:41 ------
schedule_update_user_items
-----08-13-2017 @ 18:26:35 ------
schedule_update_user_items
-----08-13-2017 @ 18:36:35 ------
schedule_update_user_items
-----08-13-2017 @ 18:45:52 ------
schedule_update_user_items
-----08-13-2017 @ 18:55:50 ------
schedule_update_user_items
-----08-13-2017 @ 19:05:45 ------
schedule_update_user_items
-----08-13-2017 @ 19:16:35 ------
schedule_update_user_items
-----08-13-2017 @ 19:26:36 ------
schedule_update_user_items
-----08-13-2017 @ 19:36:35 ------
schedule_update_user_items
-----08-13-2017 @ 19:46:36 ------
schedule_update_user_items
-----08-13-2017 @ 19:56:37 ------
schedule_update_user_items
-----08-13-2017 @ 20:06:36 ------
schedule_update_user_items
-----08-13-2017 @ 20:16:37 ------
schedule_update_user_items
-----08-13-2017 @ 20:26:36 ------
schedule_update_user_items
-----08-13-2017 @ 20:36:36 ------
schedule_update_user_items
-----08-13-2017 @ 20:46:35 ------
schedule_update_user_items
-----08-13-2017 @ 20:56:12 ------
schedule_update_user_items
-----08-13-2017 @ 21:06:35 ------
schedule_update_user_items
-----08-13-2017 @ 21:16:36 ------
schedule_update_user_items
-----08-13-2017 @ 21:26:37 ------
schedule_update_user_items
-----08-13-2017 @ 21:36:36 ------
schedule_update_user_items
-----08-13-2017 @ 21:46:36 ------
schedule_update_user_items
-----08-13-2017 @ 21:56:36 ------
schedule_update_user_items
-----08-13-2017 @ 22:06:37 ------
schedule_update_user_items
-----08-13-2017 @ 22:16:35 ------
schedule_update_user_items
-----08-13-2017 @ 22:26:37 ------
schedule_update_user_items
-----08-13-2017 @ 22:36:36 ------
schedule_update_user_items
-----08-13-2017 @ 22:46:36 ------
schedule_update_user_items
-----08-13-2017 @ 22:55:41 ------
schedule_update_user_items
-----08-13-2017 @ 23:05:41 ------
schedule_update_user_items
-----08-13-2017 @ 23:15:41 ------
schedule_update_user_items
-----08-13-2017 @ 23:26:36 ------
schedule_update_user_items
-----08-13-2017 @ 23:37:36 ------
schedule_update_user_items
-----08-13-2017 @ 23:47:00 ------
schedule_update_user_items
-----08-14-2017 @ 00:14:30 ------
schedule_update_user_items
-----08-14-2017 @ 00:16:24 ------
schedule_update_user_items
-----08-14-2017 @ 00:37:49 ------
schedule_update_user_items
-----08-14-2017 @ 00:47:29 ------
schedule_update_user_items
-----08-14-2017 @ 00:57:11 ------
schedule_update_user_items
-----08-14-2017 @ 01:06:09 ------
schedule_update_user_items
-----08-14-2017 @ 01:16:50 ------
schedule_update_user_items
-----08-14-2017 @ 09:51:17 ------
schedule_update_user_items
-----08-14-2017 @ 14:15:52 ------
schedule_update_user_items
-----08-14-2017 @ 14:26:06 ------
schedule_update_user_items
-----08-14-2017 @ 15:15:47 ------
schedule_update_user_items
-----08-14-2017 @ 16:13:47 ------
schedule_update_user_items
-----08-14-2017 @ 19:40:44 ------
schedule_update_user_items
-----08-14-2017 @ 20:27:11 ------
schedule_update_user_items
-----08-15-2017 @ 13:27:30 ------
schedule_update_user_items
-----08-15-2017 @ 13:36:51 ------
schedule_update_user_items
-----08-15-2017 @ 13:46:09 ------
schedule_update_user_items
-----08-15-2017 @ 13:56:12 ------
schedule_update_user_items
-----08-15-2017 @ 14:12:15 ------
schedule_update_user_items
-----08-15-2017 @ 16:09:24 ------
schedule_update_user_items
-----08-15-2017 @ 16:30:05 ------
schedule_update_user_items
-----08-15-2017 @ 19:40:28 ------
schedule_update_user_items
-----08-16-2017 @ 04:17:27 ------
schedule_update_user_items
-----08-16-2017 @ 04:26:32 ------
schedule_update_user_items
-----08-16-2017 @ 04:54:33 ------
schedule_update_user_items
-----08-16-2017 @ 09:44:46 ------
schedule_update_user_items
-----08-16-2017 @ 09:46:42 ------
schedule_update_user_items
-----08-16-2017 @ 13:52:24 ------
schedule_update_user_items
-----08-16-2017 @ 14:49:02 ------
schedule_update_user_items
-----08-16-2017 @ 14:56:46 ------
schedule_update_user_items
-----08-16-2017 @ 15:06:53 ------
schedule_update_user_items
-----08-16-2017 @ 15:16:56 ------
schedule_update_user_items
-----08-16-2017 @ 15:27:03 ------
schedule_update_user_items
-----08-16-2017 @ 15:37:08 ------
schedule_update_user_items
-----08-16-2017 @ 15:45:41 ------
schedule_update_user_items
-----08-16-2017 @ 15:55:39 ------
schedule_update_user_items
-----08-16-2017 @ 16:05:55 ------
schedule_update_user_items
-----08-16-2017 @ 16:15:38 ------
schedule_update_user_items
-----08-16-2017 @ 16:26:03 ------
schedule_update_user_items
-----08-16-2017 @ 16:26:36 ------
deevexxgames@gmail.com
-----08-16-2017 @ 16:26:36 ------
Array
(
    [0] => deevexxgames@gmail.com
    [1] => Become an teacher
    [2] => == Become an instructor ==

You have enrolled in the course "{{course_url}}" ({{course_name}}).

Please login http://socialenlites.grevonsmith.com/wp-login.php and
start learning now.


    [3] => Content-Type: text/plain

    [4] => Array
        (
        )

)

-----08-16-2017 @ 16:35:21 ------
deevexxgames1@gmail.com
-----08-16-2017 @ 16:35:21 ------
Array
(
    [0] => deevexxgames1@gmail.com
    [1] => Become an teacher
    [2] => == Become an instructor ==

You have enrolled in the course "{{course_url}}" ({{course_name}}).

Please login http://socialenlites.grevonsmith.com/wp-login.php and
start learning now.


    [3] => Content-Type: text/plain

    [4] => Array
        (
        )

)

-----08-16-2017 @ 16:36:28 ------
schedule_update_user_items
-----08-16-2017 @ 16:46:36 ------
schedule_update_user_items
-----08-16-2017 @ 16:47:55 ------
deevexxgames@gmail.com
-----08-16-2017 @ 16:47:55 ------
Array
(
    [0] => deevexxgames@gmail.com
    [1] => Become an teacher
    [2] => == Become an instructor ==

You have enrolled in the course "{{course_url}}" ({{course_name}}).

Please login http://socialenlites.grevonsmith.com/wp-login.php and
start learning now.


    [3] => Content-Type: text/plain

    [4] => Array
        (
        )

)

-----08-16-2017 @ 16:55:43 ------
schedule_update_user_items
-----08-16-2017 @ 17:06:05 ------
schedule_update_user_items
-----08-16-2017 @ 17:16:02 ------
schedule_update_user_items
-----08-16-2017 @ 17:26:35 ------
schedule_update_user_items
-----08-16-2017 @ 17:36:39 ------
schedule_update_user_items
-----08-16-2017 @ 17:45:43 ------
schedule_update_user_items
-----08-16-2017 @ 17:56:56 ------
schedule_update_user_items
-----08-16-2017 @ 18:06:42 ------
schedule_update_user_items
-----08-16-2017 @ 18:51:55 ------
schedule_update_user_items
-----08-16-2017 @ 18:56:49 ------
schedule_update_user_items
-----08-16-2017 @ 19:28:13 ------
schedule_update_user_items
-----08-16-2017 @ 19:37:13 ------
schedule_update_user_items
-----08-16-2017 @ 20:19:26 ------
schedule_update_user_items
-----08-16-2017 @ 20:36:42 ------
schedule_update_user_items
-----08-16-2017 @ 20:45:39 ------
schedule_update_user_items
-----08-16-2017 @ 20:56:16 ------
schedule_update_user_items
-----08-17-2017 @ 01:49:19 ------
schedule_update_user_items
-----08-18-2017 @ 00:52:26 ------
schedule_update_user_items
-----08-18-2017 @ 02:18:06 ------
schedule_update_user_items
-----08-18-2017 @ 02:25:56 ------
schedule_update_user_items
-----08-18-2017 @ 02:44:24 ------
schedule_update_user_items
-----08-18-2017 @ 14:30:53 ------
schedule_update_user_items
-----08-18-2017 @ 14:37:51 ------
schedule_update_user_items
-----08-18-2017 @ 14:47:05 ------
schedule_update_user_items
-----08-18-2017 @ 14:56:05 ------
schedule_update_user_items
-----08-18-2017 @ 16:20:56 ------
schedule_update_user_items
-----08-19-2017 @ 17:39:34 ------
schedule_update_user_items
-----08-19-2017 @ 18:17:34 ------
schedule_update_user_items
-----08-20-2017 @ 03:35:07 ------
schedule_update_user_items
-----08-20-2017 @ 03:35:57 ------
schedule_update_user_items
-----08-20-2017 @ 03:47:08 ------
schedule_update_user_items
-----08-20-2017 @ 03:57:13 ------
schedule_update_user_items
-----08-20-2017 @ 15:09:10 ------
schedule_update_user_items
-----08-20-2017 @ 18:40:44 ------
schedule_update_user_items
-----08-20-2017 @ 18:46:42 ------
schedule_update_user_items
-----08-20-2017 @ 18:55:41 ------
schedule_update_user_items
-----08-20-2017 @ 19:07:36 ------
schedule_update_user_items
-----08-20-2017 @ 19:15:40 ------
schedule_update_user_items
-----08-21-2017 @ 15:01:35 ------
schedule_update_user_items
-----08-21-2017 @ 20:09:32 ------
schedule_update_user_items
-----08-21-2017 @ 20:17:36 ------
schedule_update_user_items
-----08-22-2017 @ 00:59:19 ------
schedule_update_user_items
-----08-22-2017 @ 01:05:46 ------
schedule_update_user_items
-----08-22-2017 @ 01:17:07 ------
schedule_update_user_items
-----08-22-2017 @ 03:09:59 ------
schedule_update_user_items
-----08-22-2017 @ 03:16:57 ------
schedule_update_user_items
-----08-22-2017 @ 04:00:33 ------
schedule_update_user_items
-----08-22-2017 @ 04:06:32 ------
schedule_update_user_items
-----08-22-2017 @ 11:44:44 ------
schedule_update_user_items
-----08-22-2017 @ 14:31:10 ------
schedule_update_user_items
-----08-22-2017 @ 14:53:12 ------
schedule_update_user_items
-----08-22-2017 @ 15:03:18 ------
schedule_update_user_items
-----08-22-2017 @ 15:07:11 ------
schedule_update_user_items
-----08-22-2017 @ 15:17:18 ------
schedule_update_user_items
-----08-22-2017 @ 15:27:22 ------
schedule_update_user_items
-----08-22-2017 @ 15:39:27 ------
schedule_update_user_items
-----08-22-2017 @ 16:54:15 ------
schedule_update_user_items
-----08-22-2017 @ 16:56:03 ------
schedule_update_user_items
-----08-22-2017 @ 17:06:09 ------
schedule_update_user_items
-----08-22-2017 @ 17:16:14 ------
schedule_update_user_items
-----08-22-2017 @ 18:40:36 ------
schedule_update_user_items
-----08-22-2017 @ 18:46:34 ------
schedule_update_user_items
-----08-22-2017 @ 19:48:21 ------
schedule_update_user_items
-----08-22-2017 @ 19:57:18 ------
schedule_update_user_items
-----08-22-2017 @ 20:47:41 ------
schedule_update_user_items
-----08-22-2017 @ 20:58:28 ------
schedule_update_user_items
-----08-22-2017 @ 21:06:20 ------
schedule_update_user_items
-----08-23-2017 @ 00:44:23 ------
schedule_update_user_items
-----08-23-2017 @ 00:45:42 ------
schedule_update_user_items
-----08-23-2017 @ 00:56:47 ------
schedule_update_user_items
-----08-23-2017 @ 12:33:42 ------
schedule_update_user_items
-----08-23-2017 @ 14:43:06 ------
schedule_update_user_items
-----08-23-2017 @ 15:19:05 ------
schedule_update_user_items
-----08-23-2017 @ 19:49:15 ------
schedule_update_user_items
-----08-24-2017 @ 01:23:22 ------
schedule_update_user_items
-----08-24-2017 @ 02:11:25 ------
schedule_update_user_items
-----08-24-2017 @ 04:16:14 ------
schedule_update_user_items
-----08-24-2017 @ 04:26:11 ------
schedule_update_user_items
-----08-24-2017 @ 15:23:36 ------
schedule_update_user_items
-----08-24-2017 @ 15:46:40 ------
schedule_update_user_items
-----08-24-2017 @ 15:56:31 ------
schedule_update_user_items
-----08-24-2017 @ 19:49:42 ------
schedule_update_user_items
-----08-25-2017 @ 05:59:44 ------
schedule_update_user_items
-----08-25-2017 @ 16:25:23 ------
schedule_update_user_items
-----08-25-2017 @ 16:25:44 ------
schedule_update_user_items
-----08-26-2017 @ 02:32:59 ------
schedule_update_user_items
-----08-26-2017 @ 06:43:04 ------
schedule_update_user_items
-----08-26-2017 @ 13:27:00 ------
schedule_update_user_items
-----08-26-2017 @ 22:35:08 ------
schedule_update_user_items
-----08-26-2017 @ 22:36:06 ------
schedule_update_user_items
-----08-28-2017 @ 00:56:01 ------
schedule_update_user_items
-----08-29-2017 @ 03:49:47 ------
schedule_update_user_items
-----08-29-2017 @ 13:33:41 ------
schedule_update_user_items
-----08-29-2017 @ 13:43:36 ------
schedule_update_user_items
-----08-30-2017 @ 04:50:11 ------
schedule_update_user_items
-----08-30-2017 @ 13:33:42 ------
schedule_update_user_items
-----08-31-2017 @ 10:22:57 ------
schedule_update_user_items
-----08-31-2017 @ 14:39:28 ------
schedule_update_user_items
-----08-31-2017 @ 21:46:09 ------
schedule_update_user_items
-----08-31-2017 @ 21:56:54 ------
schedule_update_user_items
-----09-02-2017 @ 05:08:09 ------
schedule_update_user_items
-----09-02-2017 @ 05:45:37 ------
schedule_update_user_items
-----09-02-2017 @ 06:27:18 ------
schedule_update_user_items
-----09-02-2017 @ 08:41:18 ------
schedule_update_user_items
-----09-04-2017 @ 00:55:54 ------
schedule_update_user_items
-----09-04-2017 @ 02:25:30 ------
schedule_update_user_items
-----09-04-2017 @ 15:23:51 ------
schedule_update_user_items
-----09-04-2017 @ 16:06:58 ------
schedule_update_user_items
-----09-04-2017 @ 21:58:26 ------
schedule_update_user_items
-----09-05-2017 @ 00:19:29 ------
schedule_update_user_items
-----09-05-2017 @ 01:45:33 ------
schedule_update_user_items
-----09-05-2017 @ 01:45:44 ------
schedule_update_user_items
-----09-05-2017 @ 21:07:26 ------
schedule_update_user_items
-----09-06-2017 @ 16:09:49 ------
schedule_update_user_items
-----09-06-2017 @ 18:32:25 ------
schedule_update_user_items
-----09-07-2017 @ 03:52:04 ------
schedule_update_user_items
-----09-07-2017 @ 05:26:31 ------
schedule_update_user_items
-----09-07-2017 @ 10:57:31 ------
schedule_update_user_items
-----09-07-2017 @ 12:41:33 ------
schedule_update_user_items
-----09-10-2017 @ 11:12:02 ------
schedule_update_user_items
-----09-10-2017 @ 11:17:13 ------
schedule_update_user_items
-----09-10-2017 @ 11:37:29 ------
schedule_update_user_items
-----09-10-2017 @ 11:41:21 ------
404: File H:\root\home\grevon-001\www\socialenlites\wp-content\plugins\learnpress\inc\class-lp-page-controller.php, line #365
-----09-10-2017 @ 11:41:21 ------
404: File H:\root\home\grevon-001\www\socialenlites\wp-content\plugins\learnpress\inc\class-lp-page-controller.php, line #365
-----09-10-2017 @ 11:42:43 ------
404: File H:\root\home\grevon-001\www\socialenlites\wp-content\plugins\learnpress\inc\class-lp-page-controller.php, line #365
-----09-10-2017 @ 11:42:46 ------
404: File H:\root\home\grevon-001\www\socialenlites\wp-content\plugins\learnpress\inc\class-lp-page-controller.php, line #365
-----09-10-2017 @ 11:52:31 ------
schedule_update_user_items
-----09-10-2017 @ 12:45:27 ------
schedule_update_user_items
-----09-10-2017 @ 12:58:50 ------
schedule_update_user_items
-----09-10-2017 @ 14:40:17 ------
schedule_update_user_items
-----09-10-2017 @ 17:17:11 ------
schedule_update_user_items
